#
# There is insufficient memory for the Java Runtime Environment to continue.
# Native memory allocation (mmap) failed to map 268435456 bytes for G1 virtual space
# Possible reasons:
#   The system is out of physical RAM or swap space
#   The process is running with CompressedOops enabled, and the Java Heap may be blocking the growth of the native heap
# Possible solutions:
#   Reduce memory load on the system
#   Increase physical memory or swap space
#   Check if swap backing store is full
#   Decrease Java heap size (-Xmx/-Xms)
#   Decrease number of Java threads
#   Decrease Java thread stack sizes (-Xss)
#   Set larger code cache with -XX:ReservedCodeCacheSize=
#   JVM is running with Zero Based Compressed Oops mode in which the Java heap is
#     placed in the first 32GB address space. The Java Heap base address is the
#     maximum limit for the native heap growth. Please use -XX:HeapBaseMinAddress
#     to set the Java Heap base and to place the Java Heap above 32GB virtual address.
# This output file may be truncated or incomplete.
#
#  Out of Memory Error (os_windows.cpp:3528), pid=42436, tid=22672
#
# JRE version:  (20.0.2+9) (build )
# Java VM: Java HotSpot(TM) 64-Bit Server VM (20.0.2+9-78, mixed mode, sharing, tiered, compressed oops, compressed class ptrs, g1 gc, windows-amd64)
# No core dump will be written. Minidumps are not enabled by default on client versions of Windows
#

---------------  S U M M A R Y ------------

Command Line: -Dfile.encoding=UTF-8 --module-path=C:\Users\mahar\OneDrive\Documents\NetBeansProjects\Electricity Billing System\build\classes electricity.billing.system.Project

Host: AMD Ryzen 5 3600X 6-Core Processor             , 12 cores, 15G,  Windows 10 , 64 bit Build 19041 (10.0.19041.3636)
Time: Sat Dec 16 03:47:56 2023 India Standard Time elapsed time: 0.009256 seconds (0d 0h 0m 0s)

---------------  T H R E A D  ---------------

Current thread (0x000001ae25918c90):  JavaThread "Unknown thread" [_thread_in_vm, id=22672, stack(0x0000003351500000,0x0000003351600000)]

Stack: [0x0000003351500000,0x0000003351600000]
Native frames: (J=compiled Java code, j=interpreted, Vv=VM code, C=native code)
V  [jvm.dll+0x6bc25a]
V  [jvm.dll+0x84971a]
V  [jvm.dll+0x84b315]
V  [jvm.dll+0x84ba13]
V  [jvm.dll+0x280e4f]
V  [jvm.dll+0x6b8fe9]
V  [jvm.dll+0x6adbca]
V  [jvm.dll+0x35b165]
V  [jvm.dll+0x363386]
V  [jvm.dll+0x3b400e]
V  [jvm.dll+0x3b4295]
V  [jvm.dll+0x32b86a]
V  [jvm.dll+0x32c68b]
V  [jvm.dll+0x8123df]
V  [jvm.dll+0x3c1261]
V  [jvm.dll+0x7fe103]
V  [jvm.dll+0x44ccaf]
V  [jvm.dll+0x44e621]
C  [jli.dll+0x5287]
C  [ucrtbase.dll+0x21bb2]
C  [KERNEL32.DLL+0x17344]
C  [ntdll.dll+0x526b1]


---------------  P R O C E S S  ---------------

Threads class SMR info:
_java_thread_list=0x00007ffdf51fb118, length=0, elements={
}

Java Threads: ( => current thread )

Other Threads:
  0x000001ae2598bba0 WorkerThread "GC Thread#0" [stack: 0x0000003351600000,0x0000003351700000] [id=46944]
  0x000001ae2599da40 ConcurrentGCThread "G1 Main Marker" [stack: 0x0000003351700000,0x0000003351800000] [id=48284]
  0x000001ae2599eb20 WorkerThread "G1 Conc#0" [stack: 0x0000003351800000,0x0000003351900000] [id=30652]

[error occurred during error reporting (printing all threads), id 0xc0000005, EXCEPTION_ACCESS_VIOLATION (0xc0000005) at pc=0x00007ffdf49deea7]
VM state: not at safepoint (not fully initialized)

VM Mutex/Monitor currently owned by a thread:  ([mutex/lock_event])
[0x000001ae25915270] Heap_lock - owner thread: 0x000001ae25918c90

Heap address: 0x0000000701200000, size: 4078 MB, Compressed Oops mode: Zero based, Oop shift amount: 3

CDS archive(s) mapped at: [0x0000000000000000-0x0000000000000000-0x0000000000000000), size 0, SharedBaseAddress: 0x0000000800000000, ArchiveRelocationMode: 1.
Narrow klass base: 0x0000000000000000, Narrow klass shift: 0, Narrow klass range: 0x0

GC Precious Log:
 CardTable entry size: 512
 Card Set container configuration: InlinePtr #cards 4 size 8 Array Of Cards #cards 16 size 48 Howl #buckets 8 coarsen threshold 3686 Howl Bitmap #cards 512 size 80 coarsen threshold 460 Card regions per heap region 1 cards per card region 4096

Heap:
 garbage-first heap   total 0K, used 0K [0x0000000701200000, 0x0000000800000000)
  region size 2048K, 0 young (0K), 0 survivors (0K)

[error occurred during error reporting (printing heap information), id 0xc0000005, EXCEPTION_ACCESS_VIOLATION (0xc0000005) at pc=0x00007ffdf4db47b9]
GC Heap History (0 events):
No events

Dll operation events (1 events):
Event: 0.005 Loaded shared library C:\Program Files\Java\jdk-20\bin\java.dll

Deoptimization events (0 events):
No events

Classes loaded (0 events):
No events

Classes unloaded (0 events):
No events

Classes redefined (0 events):
No events

Internal exceptions (0 events):
No events

VM Operations (0 events):
No events

Events (0 events):
No events


Dynamic libraries:
0x00007ff7f6130000 - 0x00007ff7f6140000 	C:\Program Files\Java\jdk-20\bin\java.exe
0x00007ffe53710000 - 0x00007ffe53908000 	C:\Windows\SYSTEM32\ntdll.dll
0x00007ffe51ec0000 - 0x00007ffe51f7d000 	C:\Windows\System32\KERNEL32.DLL
0x00007ffe51090000 - 0x00007ffe51386000 	C:\Windows\System32\KERNELBASE.dll
0x00007ffe50f20000 - 0x00007ffe51020000 	C:\Windows\System32\ucrtbase.dll
0x00007ffe1d010000 - 0x00007ffe1d029000 	C:\Program Files\Java\jdk-20\bin\jli.dll
0x00007ffe534e0000 - 0x00007ffe5358f000 	C:\Windows\System32\ADVAPI32.dll
0x00007ffe49ad0000 - 0x00007ffe49aeb000 	C:\Program Files\Java\jdk-20\bin\VCRUNTIME140.dll
0x00007ffe52420000 - 0x00007ffe524be000 	C:\Windows\System32\msvcrt.dll
0x00007ffe524c0000 - 0x00007ffe5255c000 	C:\Windows\System32\sechost.dll
0x00007ffe53590000 - 0x00007ffe536b6000 	C:\Windows\System32\RPCRT4.dll
0x00007ffe527c0000 - 0x00007ffe5295e000 	C:\Windows\System32\USER32.dll
0x00007ffe51430000 - 0x00007ffe51452000 	C:\Windows\System32\win32u.dll
0x00007ffe45360000 - 0x00007ffe455fa000 	C:\Windows\WinSxS\amd64_microsoft.windows.common-controls_6595b64144ccf1df_6.0.19041.3636_none_60b6a03d71f818d5\COMCTL32.dll
0x00007ffe53380000 - 0x00007ffe533ac000 	C:\Windows\System32\GDI32.dll
0x00007ffe514f0000 - 0x00007ffe5160a000 	C:\Windows\System32\gdi32full.dll
0x00007ffe51390000 - 0x00007ffe5142d000 	C:\Windows\System32\msvcp_win.dll
0x00007ffe474b0000 - 0x00007ffe474ba000 	C:\Windows\SYSTEM32\VERSION.dll
0x00007ffe526a0000 - 0x00007ffe526d0000 	C:\Windows\System32\IMM32.DLL
0x00007ffe4ba80000 - 0x00007ffe4ba8c000 	C:\Program Files\Java\jdk-20\bin\vcruntime140_1.dll
0x00007ffe110b0000 - 0x00007ffe1113e000 	C:\Program Files\Java\jdk-20\bin\msvcp140.dll
0x00007ffdf46a0000 - 0x00007ffdf5338000 	C:\Program Files\Java\jdk-20\bin\server\jvm.dll
0x00007ffe3fa90000 - 0x00007ffe3fab7000 	C:\Windows\SYSTEM32\WINMM.dll
0x00007ffe4c300000 - 0x00007ffe4c309000 	C:\Windows\SYSTEM32\WSOCK32.dll
0x00007ffe529c0000 - 0x00007ffe52a2b000 	C:\Windows\System32\WS2_32.dll
0x00007ffe4ed40000 - 0x00007ffe4ed52000 	C:\Windows\SYSTEM32\kernel.appcore.dll
0x00007ffe49b20000 - 0x00007ffe49b2a000 	C:\Program Files\Java\jdk-20\bin\jimage.dll
0x00007ffe4eae0000 - 0x00007ffe4ecc4000 	C:\Windows\SYSTEM32\DBGHELP.DLL
0x00007ffe40a60000 - 0x00007ffe40a94000 	C:\Windows\SYSTEM32\dbgcore.DLL
0x00007ffe51460000 - 0x00007ffe514e2000 	C:\Windows\System32\bcryptPrimitives.dll
0x00007ffe30300000 - 0x00007ffe30326000 	C:\Program Files\Java\jdk-20\bin\java.dll

dbghelp: loaded successfully - version: 4.0.5 - missing functions: none
symbol engine: initialized successfully - sym options: 0x614 - pdb path: .;C:\Program Files\Java\jdk-20\bin;C:\Windows\SYSTEM32;C:\Windows\WinSxS\amd64_microsoft.windows.common-controls_6595b64144ccf1df_6.0.19041.3636_none_60b6a03d71f818d5;C:\Program Files\Java\jdk-20\bin\server

VM Arguments:
jvm_args: -Dfile.encoding=UTF-8 --module-path=C:\Users\mahar\OneDrive\Documents\NetBeansProjects\Electricity Billing System\build\classes 
java_command: electricity.billing.system.Project
java_class_path (initial): C:\Users\mahar\Downloads;C:\Users\mahar\Downloads\mysql-connector-java-8.0.28.jar;C:\Users\mahar\OneDrive\Documents\NetBeansProjects\Electricity Billing System\build\classes
Launcher Type: SUN_STANDARD

[Global flags]
     intx CICompilerCount                          = 4                                         {product} {ergonomic}
     uint ConcGCThreads                            = 3                                         {product} {ergonomic}
     uint G1ConcRefinementThreads                  = 10                                        {product} {ergonomic}
   size_t G1HeapRegionSize                         = 2097152                                   {product} {ergonomic}
    uintx GCDrainStackTargetSize                   = 64                                        {product} {ergonomic}
   size_t InitialHeapSize                          = 268435456                                 {product} {ergonomic}
   size_t MarkStackSize                            = 4194304                                   {product} {ergonomic}
   size_t MaxHeapSize                              = 4276092928                                {product} {ergonomic}
   size_t MinHeapDeltaBytes                        = 2097152                                   {product} {ergonomic}
   size_t MinHeapSize                              = 8388608                                   {product} {ergonomic}
    uintx NonNMethodCodeHeapSize                   = 5839372                                {pd product} {ergonomic}
    uintx NonProfiledCodeHeapSize                  = 122909434                              {pd product} {ergonomic}
    uintx ProfiledCodeHeapSize                     = 122909434                              {pd product} {ergonomic}
    uintx ReservedCodeCacheSize                    = 251658240                              {pd product} {ergonomic}
     bool SegmentedCodeCache                       = true                                      {product} {ergonomic}
   size_t SoftMaxHeapSize                          = 4276092928                             {manageable} {ergonomic}
     bool UseCompressedClassPointers               = true                           {product lp64_product} {ergonomic}
     bool UseCompressedOops                        = true                           {product lp64_product} {ergonomic}
     bool UseG1GC                                  = true                                      {product} {ergonomic}
     bool UseLargePagesIndividualAllocation        = false                                  {pd product} {ergonomic}

Logging:
Log output configuration:
 #0: stdout all=warning uptime,level,tags foldmultilines=false
 #1: stderr all=off uptime,level,tags foldmultilines=false

Environment Variables:
JAVA_HOME=C:\Program Files\Java\jdk-20
PATH=C:\Program Files\Python312\Scripts\;C:\Program Files\Python312\;C:\Program Files\Common Files\Oracle\Java\javapath;C:\Program Files\Java\jdk-20\bin;C:\Program Files\NVIDIA Corporation\NVIDIA NvDLISR;C:\Program Files\Git\cmd;C:\ProgramData\Microsoft\Windows\Start Menu\Programs\MySQL;C:\Program Files\MySQL\MySQL Shell 8.0\bin\;C:\Users\mahar\anaconda3;C:\Users\mahar\anaconda3\Library\mingw-w64\bin;C:\Users\mahar\anaconda3\Library\usr\bin;C:\Users\mahar\anaconda3\Library\bin;C:\Users\mahar\anaconda3\Scripts;C:\Users\mahar\AppData\Local\Programs\Python\Python310\Scripts\;C:\Users\mahar\AppData\Local\Programs\Python\Python310\;C:\Users\mahar\AppData\Local\Microsoft\WindowsApps;C:\MinGW\bin;C:\Users\mahar\AppData\Local\Programs\Microsoft VS Code\bin;C:\src\flutter\bin;C:\Users\mahar\AppData\Roaming\npm;C:\Users\mahar\AppData\Local\GitHubDesktop\bin;C:\ProgramData\Microsoft\Windows\Start Menu\Programs\MySQL;
USERNAME=mahar
OS=Windows_NT
PROCESSOR_IDENTIFIER=AMD64 Family 23 Model 113 Stepping 0, AuthenticAMD
TMP=C:\Users\mahar\AppData\Local\Temp
TEMP=C:\Users\mahar\AppData\Local\Temp




---------------  S Y S T E M  ---------------

OS:
 Windows 10 , 64 bit Build 19041 (10.0.19041.3636)
OS uptime: 0 days 14:30 hours

CPU: total 12 (initial active 12) (12 cores per cpu, 2 threads per core) family 23 model 113 stepping 0 microcode 0x0, cx8, cmov, fxsr, ht, mmx, 3dnowpref, sse, sse2, sse3, ssse3, sse4a, sse4.1, sse4.2, popcnt, lzcnt, tsc, tscinvbit, avx, avx2, aes, clmul, bmi1, bmi2, adx, sha, fma, vzeroupper, clflush, clflushopt, rdtscp, rdpid, f16c

Memory: 4k page, system-wide physical 16310M (1709M free)
TotalPageFile size 65462M (AvailPageFile size 153M)
current process WorkingSet (physical memory assigned to process): 10M, peak: 10M
current process commit charge ("private bytes"): 64M, peak: 320M

vm_info: Java HotSpot(TM) 64-Bit Server VM (20.0.2+9-78) for windows-amd64 JRE (20.0.2+9-78), built on 2023-06-14T10:08:48Z by "mach5one" with MS VC++ 17.1 (VS2022)

END.
