#
# There is insufficient memory for the Java Runtime Environment to continue.
# Native memory allocation (malloc) failed to allocate 136416 bytes for Chunk::new
# Possible reasons:
#   The system is out of physical RAM or swap space
#   The process is running with CompressedOops enabled, and the Java Heap may be blocking the growth of the native heap
# Possible solutions:
#   Reduce memory load on the system
#   Increase physical memory or swap space
#   Check if swap backing store is full
#   Decrease Java heap size (-Xmx/-Xms)
#   Decrease number of Java threads
#   Decrease Java thread stack sizes (-Xss)
#   Set larger code cache with -XX:ReservedCodeCacheSize=
#   JVM is running with Zero Based Compressed Oops mode in which the Java heap is
#     placed in the first 32GB address space. The Java Heap base address is the
#     maximum limit for the native heap growth. Please use -XX:HeapBaseMinAddress
#     to set the Java Heap base and to place the Java Heap above 32GB virtual address.
# This output file may be truncated or incomplete.
#
#  Out of Memory Error (arena.cpp:184), pid=484, tid=50932
#
# JRE version: Java(TM) SE Runtime Environment (20.0.2+9) (build 20.0.2+9-78)
# Java VM: Java HotSpot(TM) 64-Bit Server VM (20.0.2+9-78, mixed mode, sharing, tiered, compressed oops, compressed class ptrs, g1 gc, windows-amd64)
# No core dump will be written. Minidumps are not enabled by default on client versions of Windows
#

---------------  S U M M A R Y ------------

Command Line: -Dfile.encoding=UTF-8 --module-path=C:\Users\mahar\OneDrive\Documents\NetBeansProjects\Electricity Billing System\build\classes electricity.billing.system.Project

Host: AMD Ryzen 5 3600X 6-Core Processor             , 12 cores, 15G,  Windows 10 , 64 bit Build 19041 (10.0.19041.3636)
Time: Sat Dec 16 03:48:18 2023 India Standard Time elapsed time: 0.340759 seconds (0d 0h 0m 0s)

---------------  T H R E A D  ---------------

Current thread (0x0000021fee94a260):  JavaThread "C2 CompilerThread0" daemon [_thread_in_native, id=50932, stack(0x000000d23cd00000,0x000000d23ce00000)]


Current CompileTask:
C2:    340  701       4       java.util.HashMap::put (13 bytes)

Stack: [0x000000d23cd00000,0x000000d23ce00000]
Native frames: (J=compiled Java code, j=interpreted, Vv=VM code, C=native code)
V  [jvm.dll+0x6bc25a]
V  [jvm.dll+0x84971a]
V  [jvm.dll+0x84b315]
V  [jvm.dll+0x84ba13]
V  [jvm.dll+0x280e4f]
V  [jvm.dll+0xc2ab1]
V  [jvm.dll+0xc2dd5]
V  [jvm.dll+0x2f611f]
V  [jvm.dll+0x5e3b0b]
V  [jvm.dll+0x254684]
V  [jvm.dll+0x254a4f]
V  [jvm.dll+0x24d23d]
V  [jvm.dll+0x24a819]
V  [jvm.dll+0x1ce761]
V  [jvm.dll+0x25a0eb]
V  [jvm.dll+0x2587c0]
V  [jvm.dll+0x3f2dd5]
V  [jvm.dll+0x7f5c76]
V  [jvm.dll+0x6baecb]
C  [ucrtbase.dll+0x21bb2]
C  [KERNEL32.DLL+0x17344]
C  [ntdll.dll+0x526b1]


---------------  P R O C E S S  ---------------

Threads class SMR info:
_java_thread_list=0x0000021ff3534ae0, length=16, elements={
0x0000021fccf3b770, 0x0000021fee93b230, 0x0000021fee93c640, 0x0000021fee93d850,
0x0000021fee942a50, 0x0000021fee9453a0, 0x0000021fee945ce0, 0x0000021fee94a260,
0x0000021fee975220, 0x0000021ff2d068a0, 0x0000021ff2dd5f40, 0x0000021ff2f81390,
0x0000021ff2fc2df0, 0x0000021ff2fc7260, 0x0000021ff36a5860, 0x0000021ff352b110
}

Java Threads: ( => current thread )
  0x0000021fccf3b770 JavaThread "main" [_thread_blocked, id=47496, stack(0x000000d23c000000,0x000000d23c100000)]
  0x0000021fee93b230 JavaThread "Reference Handler" daemon [_thread_blocked, id=50936, stack(0x000000d23c700000,0x000000d23c800000)]
  0x0000021fee93c640 JavaThread "Finalizer" daemon [_thread_blocked, id=45344, stack(0x000000d23c800000,0x000000d23c900000)]
  0x0000021fee93d850 JavaThread "Signal Dispatcher" daemon [_thread_blocked, id=22672, stack(0x000000d23c900000,0x000000d23ca00000)]
  0x0000021fee942a50 JavaThread "Attach Listener" daemon [_thread_blocked, id=50316, stack(0x000000d23ca00000,0x000000d23cb00000)]
  0x0000021fee9453a0 JavaThread "Service Thread" daemon [_thread_blocked, id=44080, stack(0x000000d23cb00000,0x000000d23cc00000)]
  0x0000021fee945ce0 JavaThread "Monitor Deflation Thread" daemon [_thread_blocked, id=50116, stack(0x000000d23cc00000,0x000000d23cd00000)]
=>0x0000021fee94a260 JavaThread "C2 CompilerThread0" daemon [_thread_in_native, id=50932, stack(0x000000d23cd00000,0x000000d23ce00000)]
  0x0000021fee975220 JavaThread "C1 CompilerThread0" daemon [_thread_in_native, id=3560, stack(0x000000d23ce00000,0x000000d23cf00000)]
  0x0000021ff2d068a0 JavaThread "Common-Cleaner" daemon [_thread_blocked, id=45916, stack(0x000000d23cf00000,0x000000d23d000000)]
  0x0000021ff2dd5f40 JavaThread "Notification Thread" daemon [_thread_blocked, id=49500, stack(0x000000d23d000000,0x000000d23d100000)]
  0x0000021ff2f81390 JavaThread "Java2D Disposer" daemon [_thread_blocked, id=50812, stack(0x000000d23d300000,0x000000d23d400000)]
  0x0000021ff2fc2df0 JavaThread "AWT-Shutdown" [_thread_blocked, id=46024, stack(0x000000d23d400000,0x000000d23d500000)]
  0x0000021ff2fc7260 JavaThread "AWT-Windows" daemon [_thread_in_native, id=50728, stack(0x000000d23d500000,0x000000d23d600000)]
  0x0000021ff36a5860 JavaThread "Image Fetcher 0" daemon [_thread_in_vm, id=48260, stack(0x000000d23d200000,0x000000d23d300000)]
  0x0000021ff352b110 JavaThread "C2 CompilerThread1" daemon [_thread_blocked, id=50044, stack(0x000000d23d700000,0x000000d23d800000)]

Other Threads:
  0x0000021fee91cd60 VMThread "VM Thread" [stack: 0x000000d23c600000,0x000000d23c700000] [id=50916]
  0x0000021ff2dd6490 WatcherThread "VM Periodic Task Thread" [stack: 0x000000d23d100000,0x000000d23d200000] [id=38480]
  0x0000021fccfac2e0 WorkerThread "GC Thread#0" [stack: 0x000000d23c100000,0x000000d23c200000] [id=39444]
  0x0000021fccfbd170 ConcurrentGCThread "G1 Main Marker" [stack: 0x000000d23c200000,0x000000d23c300000] [id=33304]
  0x0000021fccfbf260 WorkerThread "G1 Conc#0" [stack: 0x000000d23c300000,0x000000d23c400000] [id=45472]
  0x0000021fee7cd530 ConcurrentGCThread "G1 Refine#0" [stack: 0x000000d23c400000,0x000000d23c500000] [id=50940]
  0x0000021fcd00d3e0 ConcurrentGCThread "G1 Service" [stack: 0x000000d23c500000,0x000000d23c600000] [id=49524]

Threads with active compile tasks:
C2 CompilerThread0      356  701       4       java.util.HashMap::put (13 bytes)
C1 CompilerThread0      356  728       3       sun.awt.image.ImageWatched$WeakLink$$Lambda$153/0x0000021f8101cb70::run (32 bytes)

VM state: not at safepoint (normal execution)

VM Mutex/Monitor currently owned by a thread: None

Heap address: 0x0000000701200000, size: 4078 MB, Compressed Oops mode: Zero based, Oop shift amount: 3

CDS archive(s) mapped at: [0x0000021f80000000-0x0000021f80c60000-0x0000021f80c60000), size 12976128, SharedBaseAddress: 0x0000021f80000000, ArchiveRelocationMode: 1.
Compressed class space mapped at: 0x0000021f81000000-0x0000021fc1000000, reserved size: 1073741824
Narrow klass base: 0x0000021f80000000, Narrow klass shift: 0, Narrow klass range: 0x100000000

GC Precious Log:
 CardTable entry size: 512
 Card Set container configuration: InlinePtr #cards 4 size 8 Array Of Cards #cards 16 size 48 Howl #buckets 8 coarsen threshold 3686 Howl Bitmap #cards 512 size 80 coarsen threshold 460 Card regions per heap region 1 cards per card region 4096
 CPUs: 12 total, 12 available
 Memory: 16310M
 Large Page Support: Disabled
 NUMA Support: Disabled
 Compressed Oops: Enabled (Zero based)
 Heap Region Size: 2M
 Heap Min Capacity: 8M
 Heap Initial Capacity: 256M
 Heap Max Capacity: 4078M
 Pre-touch: Disabled
 Parallel Workers: 10
 Concurrent Workers: 3
 Concurrent Refinement Workers: 10
 Periodic GC: Disabled

Heap:
 garbage-first heap   total 262144K, used 18432K [0x0000000701200000, 0x0000000800000000)
  region size 2048K, 6 young (12288K), 0 survivors (0K)
 Metaspace       used 4680K, committed 4864K, reserved 1114112K
  class space    used 480K, committed 576K, reserved 1048576K

Heap Regions: E=young(eden), S=young(survivor), O=old, HS=humongous(starts), HC=humongous(continues), CS=collection set, F=free, OA=open archive, CA=closed archive, TAMS=top-at-mark-start, PB=parsable bottom
|   0|0x0000000701200000, 0x0000000701400000, 0x0000000701400000|100%|HS|  |TAMS 0x0000000701200000| PB 0x0000000701200000| Complete 
|   1|0x0000000701400000, 0x0000000701600000, 0x0000000701600000|100%|HC|  |TAMS 0x0000000701400000| PB 0x0000000701400000| Complete 
|   2|0x0000000701600000, 0x0000000701800000, 0x0000000701800000|100%|HC|  |TAMS 0x0000000701600000| PB 0x0000000701600000| Complete 
|   3|0x0000000701800000, 0x0000000701a00000, 0x0000000701a00000|100%|HC|  |TAMS 0x0000000701800000| PB 0x0000000701800000| Complete 
|   4|0x0000000701a00000, 0x0000000701a00000, 0x0000000701c00000|  0%| F|  |TAMS 0x0000000701a00000| PB 0x0000000701a00000| Untracked 
|   5|0x0000000701c00000, 0x0000000701c00000, 0x0000000701e00000|  0%| F|  |TAMS 0x0000000701c00000| PB 0x0000000701c00000| Untracked 
|   6|0x0000000701e00000, 0x0000000701e00000, 0x0000000702000000|  0%| F|  |TAMS 0x0000000701e00000| PB 0x0000000701e00000| Untracked 
|   7|0x0000000702000000, 0x0000000702000000, 0x0000000702200000|  0%| F|  |TAMS 0x0000000702000000| PB 0x0000000702000000| Untracked 
|   8|0x0000000702200000, 0x0000000702200000, 0x0000000702400000|  0%| F|  |TAMS 0x0000000702200000| PB 0x0000000702200000| Untracked 
|   9|0x0000000702400000, 0x0000000702400000, 0x0000000702600000|  0%| F|  |TAMS 0x0000000702400000| PB 0x0000000702400000| Untracked 
|  10|0x0000000702600000, 0x0000000702600000, 0x0000000702800000|  0%| F|  |TAMS 0x0000000702600000| PB 0x0000000702600000| Untracked 
|  11|0x0000000702800000, 0x0000000702800000, 0x0000000702a00000|  0%| F|  |TAMS 0x0000000702800000| PB 0x0000000702800000| Untracked 
|  12|0x0000000702a00000, 0x0000000702a00000, 0x0000000702c00000|  0%| F|  |TAMS 0x0000000702a00000| PB 0x0000000702a00000| Untracked 
|  13|0x0000000702c00000, 0x0000000702c00000, 0x0000000702e00000|  0%| F|  |TAMS 0x0000000702c00000| PB 0x0000000702c00000| Untracked 
|  14|0x0000000702e00000, 0x0000000702e00000, 0x0000000703000000|  0%| F|  |TAMS 0x0000000702e00000| PB 0x0000000702e00000| Untracked 
|  15|0x0000000703000000, 0x0000000703000000, 0x0000000703200000|  0%| F|  |TAMS 0x0000000703000000| PB 0x0000000703000000| Untracked 
|  16|0x0000000703200000, 0x0000000703200000, 0x0000000703400000|  0%| F|  |TAMS 0x0000000703200000| PB 0x0000000703200000| Untracked 
|  17|0x0000000703400000, 0x0000000703400000, 0x0000000703600000|  0%| F|  |TAMS 0x0000000703400000| PB 0x0000000703400000| Untracked 
|  18|0x0000000703600000, 0x0000000703600000, 0x0000000703800000|  0%| F|  |TAMS 0x0000000703600000| PB 0x0000000703600000| Untracked 
|  19|0x0000000703800000, 0x0000000703800000, 0x0000000703a00000|  0%| F|  |TAMS 0x0000000703800000| PB 0x0000000703800000| Untracked 
|  20|0x0000000703a00000, 0x0000000703a00000, 0x0000000703c00000|  0%| F|  |TAMS 0x0000000703a00000| PB 0x0000000703a00000| Untracked 
|  21|0x0000000703c00000, 0x0000000703c00000, 0x0000000703e00000|  0%| F|  |TAMS 0x0000000703c00000| PB 0x0000000703c00000| Untracked 
|  22|0x0000000703e00000, 0x0000000703e00000, 0x0000000704000000|  0%| F|  |TAMS 0x0000000703e00000| PB 0x0000000703e00000| Untracked 
|  23|0x0000000704000000, 0x0000000704000000, 0x0000000704200000|  0%| F|  |TAMS 0x0000000704000000| PB 0x0000000704000000| Untracked 
|  24|0x0000000704200000, 0x0000000704200000, 0x0000000704400000|  0%| F|  |TAMS 0x0000000704200000| PB 0x0000000704200000| Untracked 
|  25|0x0000000704400000, 0x0000000704400000, 0x0000000704600000|  0%| F|  |TAMS 0x0000000704400000| PB 0x0000000704400000| Untracked 
|  26|0x0000000704600000, 0x0000000704600000, 0x0000000704800000|  0%| F|  |TAMS 0x0000000704600000| PB 0x0000000704600000| Untracked 
|  27|0x0000000704800000, 0x0000000704800000, 0x0000000704a00000|  0%| F|  |TAMS 0x0000000704800000| PB 0x0000000704800000| Untracked 
|  28|0x0000000704a00000, 0x0000000704a00000, 0x0000000704c00000|  0%| F|  |TAMS 0x0000000704a00000| PB 0x0000000704a00000| Untracked 
|  29|0x0000000704c00000, 0x0000000704c00000, 0x0000000704e00000|  0%| F|  |TAMS 0x0000000704c00000| PB 0x0000000704c00000| Untracked 
|  30|0x0000000704e00000, 0x0000000704e00000, 0x0000000705000000|  0%| F|  |TAMS 0x0000000704e00000| PB 0x0000000704e00000| Untracked 
|  31|0x0000000705000000, 0x0000000705000000, 0x0000000705200000|  0%| F|  |TAMS 0x0000000705000000| PB 0x0000000705000000| Untracked 
|  32|0x0000000705200000, 0x0000000705200000, 0x0000000705400000|  0%| F|  |TAMS 0x0000000705200000| PB 0x0000000705200000| Untracked 
|  33|0x0000000705400000, 0x0000000705400000, 0x0000000705600000|  0%| F|  |TAMS 0x0000000705400000| PB 0x0000000705400000| Untracked 
|  34|0x0000000705600000, 0x0000000705600000, 0x0000000705800000|  0%| F|  |TAMS 0x0000000705600000| PB 0x0000000705600000| Untracked 
|  35|0x0000000705800000, 0x0000000705800000, 0x0000000705a00000|  0%| F|  |TAMS 0x0000000705800000| PB 0x0000000705800000| Untracked 
|  36|0x0000000705a00000, 0x0000000705a00000, 0x0000000705c00000|  0%| F|  |TAMS 0x0000000705a00000| PB 0x0000000705a00000| Untracked 
|  37|0x0000000705c00000, 0x0000000705c00000, 0x0000000705e00000|  0%| F|  |TAMS 0x0000000705c00000| PB 0x0000000705c00000| Untracked 
|  38|0x0000000705e00000, 0x0000000705e00000, 0x0000000706000000|  0%| F|  |TAMS 0x0000000705e00000| PB 0x0000000705e00000| Untracked 
|  39|0x0000000706000000, 0x0000000706000000, 0x0000000706200000|  0%| F|  |TAMS 0x0000000706000000| PB 0x0000000706000000| Untracked 
|  40|0x0000000706200000, 0x0000000706200000, 0x0000000706400000|  0%| F|  |TAMS 0x0000000706200000| PB 0x0000000706200000| Untracked 
|  41|0x0000000706400000, 0x0000000706400000, 0x0000000706600000|  0%| F|  |TAMS 0x0000000706400000| PB 0x0000000706400000| Untracked 
|  42|0x0000000706600000, 0x0000000706600000, 0x0000000706800000|  0%| F|  |TAMS 0x0000000706600000| PB 0x0000000706600000| Untracked 
|  43|0x0000000706800000, 0x0000000706800000, 0x0000000706a00000|  0%| F|  |TAMS 0x0000000706800000| PB 0x0000000706800000| Untracked 
|  44|0x0000000706a00000, 0x0000000706a00000, 0x0000000706c00000|  0%| F|  |TAMS 0x0000000706a00000| PB 0x0000000706a00000| Untracked 
|  45|0x0000000706c00000, 0x0000000706c00000, 0x0000000706e00000|  0%| F|  |TAMS 0x0000000706c00000| PB 0x0000000706c00000| Untracked 
|  46|0x0000000706e00000, 0x0000000706e00000, 0x0000000707000000|  0%| F|  |TAMS 0x0000000706e00000| PB 0x0000000706e00000| Untracked 
|  47|0x0000000707000000, 0x0000000707000000, 0x0000000707200000|  0%| F|  |TAMS 0x0000000707000000| PB 0x0000000707000000| Untracked 
|  48|0x0000000707200000, 0x0000000707200000, 0x0000000707400000|  0%| F|  |TAMS 0x0000000707200000| PB 0x0000000707200000| Untracked 
|  49|0x0000000707400000, 0x0000000707400000, 0x0000000707600000|  0%| F|  |TAMS 0x0000000707400000| PB 0x0000000707400000| Untracked 
|  50|0x0000000707600000, 0x0000000707600000, 0x0000000707800000|  0%| F|  |TAMS 0x0000000707600000| PB 0x0000000707600000| Untracked 
|  51|0x0000000707800000, 0x0000000707800000, 0x0000000707a00000|  0%| F|  |TAMS 0x0000000707800000| PB 0x0000000707800000| Untracked 
|  52|0x0000000707a00000, 0x0000000707a00000, 0x0000000707c00000|  0%| F|  |TAMS 0x0000000707a00000| PB 0x0000000707a00000| Untracked 
|  53|0x0000000707c00000, 0x0000000707c00000, 0x0000000707e00000|  0%| F|  |TAMS 0x0000000707c00000| PB 0x0000000707c00000| Untracked 
|  54|0x0000000707e00000, 0x0000000707e00000, 0x0000000708000000|  0%| F|  |TAMS 0x0000000707e00000| PB 0x0000000707e00000| Untracked 
|  55|0x0000000708000000, 0x0000000708000000, 0x0000000708200000|  0%| F|  |TAMS 0x0000000708000000| PB 0x0000000708000000| Untracked 
|  56|0x0000000708200000, 0x0000000708200000, 0x0000000708400000|  0%| F|  |TAMS 0x0000000708200000| PB 0x0000000708200000| Untracked 
|  57|0x0000000708400000, 0x0000000708400000, 0x0000000708600000|  0%| F|  |TAMS 0x0000000708400000| PB 0x0000000708400000| Untracked 
|  58|0x0000000708600000, 0x0000000708600000, 0x0000000708800000|  0%| F|  |TAMS 0x0000000708600000| PB 0x0000000708600000| Untracked 
|  59|0x0000000708800000, 0x0000000708800000, 0x0000000708a00000|  0%| F|  |TAMS 0x0000000708800000| PB 0x0000000708800000| Untracked 
|  60|0x0000000708a00000, 0x0000000708a00000, 0x0000000708c00000|  0%| F|  |TAMS 0x0000000708a00000| PB 0x0000000708a00000| Untracked 
|  61|0x0000000708c00000, 0x0000000708c00000, 0x0000000708e00000|  0%| F|  |TAMS 0x0000000708c00000| PB 0x0000000708c00000| Untracked 
|  62|0x0000000708e00000, 0x0000000708e00000, 0x0000000709000000|  0%| F|  |TAMS 0x0000000708e00000| PB 0x0000000708e00000| Untracked 
|  63|0x0000000709000000, 0x0000000709000000, 0x0000000709200000|  0%| F|  |TAMS 0x0000000709000000| PB 0x0000000709000000| Untracked 
|  64|0x0000000709200000, 0x0000000709200000, 0x0000000709400000|  0%| F|  |TAMS 0x0000000709200000| PB 0x0000000709200000| Untracked 
|  65|0x0000000709400000, 0x0000000709400000, 0x0000000709600000|  0%| F|  |TAMS 0x0000000709400000| PB 0x0000000709400000| Untracked 
|  66|0x0000000709600000, 0x0000000709600000, 0x0000000709800000|  0%| F|  |TAMS 0x0000000709600000| PB 0x0000000709600000| Untracked 
|  67|0x0000000709800000, 0x0000000709800000, 0x0000000709a00000|  0%| F|  |TAMS 0x0000000709800000| PB 0x0000000709800000| Untracked 
|  68|0x0000000709a00000, 0x0000000709a00000, 0x0000000709c00000|  0%| F|  |TAMS 0x0000000709a00000| PB 0x0000000709a00000| Untracked 
|  69|0x0000000709c00000, 0x0000000709c00000, 0x0000000709e00000|  0%| F|  |TAMS 0x0000000709c00000| PB 0x0000000709c00000| Untracked 
|  70|0x0000000709e00000, 0x0000000709e00000, 0x000000070a000000|  0%| F|  |TAMS 0x0000000709e00000| PB 0x0000000709e00000| Untracked 
|  71|0x000000070a000000, 0x000000070a000000, 0x000000070a200000|  0%| F|  |TAMS 0x000000070a000000| PB 0x000000070a000000| Untracked 
|  72|0x000000070a200000, 0x000000070a200000, 0x000000070a400000|  0%| F|  |TAMS 0x000000070a200000| PB 0x000000070a200000| Untracked 
|  73|0x000000070a400000, 0x000000070a400000, 0x000000070a600000|  0%| F|  |TAMS 0x000000070a400000| PB 0x000000070a400000| Untracked 
|  74|0x000000070a600000, 0x000000070a600000, 0x000000070a800000|  0%| F|  |TAMS 0x000000070a600000| PB 0x000000070a600000| Untracked 
|  75|0x000000070a800000, 0x000000070a800000, 0x000000070aa00000|  0%| F|  |TAMS 0x000000070a800000| PB 0x000000070a800000| Untracked 
|  76|0x000000070aa00000, 0x000000070aa00000, 0x000000070ac00000|  0%| F|  |TAMS 0x000000070aa00000| PB 0x000000070aa00000| Untracked 
|  77|0x000000070ac00000, 0x000000070ac00000, 0x000000070ae00000|  0%| F|  |TAMS 0x000000070ac00000| PB 0x000000070ac00000| Untracked 
|  78|0x000000070ae00000, 0x000000070ae00000, 0x000000070b000000|  0%| F|  |TAMS 0x000000070ae00000| PB 0x000000070ae00000| Untracked 
|  79|0x000000070b000000, 0x000000070b000000, 0x000000070b200000|  0%| F|  |TAMS 0x000000070b000000| PB 0x000000070b000000| Untracked 
|  80|0x000000070b200000, 0x000000070b200000, 0x000000070b400000|  0%| F|  |TAMS 0x000000070b200000| PB 0x000000070b200000| Untracked 
|  81|0x000000070b400000, 0x000000070b400000, 0x000000070b600000|  0%| F|  |TAMS 0x000000070b400000| PB 0x000000070b400000| Untracked 
|  82|0x000000070b600000, 0x000000070b600000, 0x000000070b800000|  0%| F|  |TAMS 0x000000070b600000| PB 0x000000070b600000| Untracked 
|  83|0x000000070b800000, 0x000000070b800000, 0x000000070ba00000|  0%| F|  |TAMS 0x000000070b800000| PB 0x000000070b800000| Untracked 
|  84|0x000000070ba00000, 0x000000070ba00000, 0x000000070bc00000|  0%| F|  |TAMS 0x000000070ba00000| PB 0x000000070ba00000| Untracked 
|  85|0x000000070bc00000, 0x000000070bc00000, 0x000000070be00000|  0%| F|  |TAMS 0x000000070bc00000| PB 0x000000070bc00000| Untracked 
|  86|0x000000070be00000, 0x000000070be00000, 0x000000070c000000|  0%| F|  |TAMS 0x000000070be00000| PB 0x000000070be00000| Untracked 
|  87|0x000000070c000000, 0x000000070c000000, 0x000000070c200000|  0%| F|  |TAMS 0x000000070c000000| PB 0x000000070c000000| Untracked 
|  88|0x000000070c200000, 0x000000070c200000, 0x000000070c400000|  0%| F|  |TAMS 0x000000070c200000| PB 0x000000070c200000| Untracked 
|  89|0x000000070c400000, 0x000000070c400000, 0x000000070c600000|  0%| F|  |TAMS 0x000000070c400000| PB 0x000000070c400000| Untracked 
|  90|0x000000070c600000, 0x000000070c600000, 0x000000070c800000|  0%| F|  |TAMS 0x000000070c600000| PB 0x000000070c600000| Untracked 
|  91|0x000000070c800000, 0x000000070c800000, 0x000000070ca00000|  0%| F|  |TAMS 0x000000070c800000| PB 0x000000070c800000| Untracked 
|  92|0x000000070ca00000, 0x000000070ca00000, 0x000000070cc00000|  0%| F|  |TAMS 0x000000070ca00000| PB 0x000000070ca00000| Untracked 
|  93|0x000000070cc00000, 0x000000070cc00000, 0x000000070ce00000|  0%| F|  |TAMS 0x000000070cc00000| PB 0x000000070cc00000| Untracked 
|  94|0x000000070ce00000, 0x000000070ce00000, 0x000000070d000000|  0%| F|  |TAMS 0x000000070ce00000| PB 0x000000070ce00000| Untracked 
|  95|0x000000070d000000, 0x000000070d000000, 0x000000070d200000|  0%| F|  |TAMS 0x000000070d000000| PB 0x000000070d000000| Untracked 
|  96|0x000000070d200000, 0x000000070d200000, 0x000000070d400000|  0%| F|  |TAMS 0x000000070d200000| PB 0x000000070d200000| Untracked 
|  97|0x000000070d400000, 0x000000070d400000, 0x000000070d600000|  0%| F|  |TAMS 0x000000070d400000| PB 0x000000070d400000| Untracked 
|  98|0x000000070d600000, 0x000000070d600000, 0x000000070d800000|  0%| F|  |TAMS 0x000000070d600000| PB 0x000000070d600000| Untracked 
|  99|0x000000070d800000, 0x000000070d800000, 0x000000070da00000|  0%| F|  |TAMS 0x000000070d800000| PB 0x000000070d800000| Untracked 
| 100|0x000000070da00000, 0x000000070da00000, 0x000000070dc00000|  0%| F|  |TAMS 0x000000070da00000| PB 0x000000070da00000| Untracked 
| 101|0x000000070dc00000, 0x000000070dc00000, 0x000000070de00000|  0%| F|  |TAMS 0x000000070dc00000| PB 0x000000070dc00000| Untracked 
| 102|0x000000070de00000, 0x000000070de00000, 0x000000070e000000|  0%| F|  |TAMS 0x000000070de00000| PB 0x000000070de00000| Untracked 
| 103|0x000000070e000000, 0x000000070e000000, 0x000000070e200000|  0%| F|  |TAMS 0x000000070e000000| PB 0x000000070e000000| Untracked 
| 104|0x000000070e200000, 0x000000070e200000, 0x000000070e400000|  0%| F|  |TAMS 0x000000070e200000| PB 0x000000070e200000| Untracked 
| 105|0x000000070e400000, 0x000000070e400000, 0x000000070e600000|  0%| F|  |TAMS 0x000000070e400000| PB 0x000000070e400000| Untracked 
| 106|0x000000070e600000, 0x000000070e600000, 0x000000070e800000|  0%| F|  |TAMS 0x000000070e600000| PB 0x000000070e600000| Untracked 
| 107|0x000000070e800000, 0x000000070e800000, 0x000000070ea00000|  0%| F|  |TAMS 0x000000070e800000| PB 0x000000070e800000| Untracked 
| 108|0x000000070ea00000, 0x000000070ea00000, 0x000000070ec00000|  0%| F|  |TAMS 0x000000070ea00000| PB 0x000000070ea00000| Untracked 
| 109|0x000000070ec00000, 0x000000070ec00000, 0x000000070ee00000|  0%| F|  |TAMS 0x000000070ec00000| PB 0x000000070ec00000| Untracked 
| 110|0x000000070ee00000, 0x000000070ee00000, 0x000000070f000000|  0%| F|  |TAMS 0x000000070ee00000| PB 0x000000070ee00000| Untracked 
| 111|0x000000070f000000, 0x000000070f000000, 0x000000070f200000|  0%| F|  |TAMS 0x000000070f000000| PB 0x000000070f000000| Untracked 
| 112|0x000000070f200000, 0x000000070f200000, 0x000000070f400000|  0%| F|  |TAMS 0x000000070f200000| PB 0x000000070f200000| Untracked 
| 113|0x000000070f400000, 0x000000070f400000, 0x000000070f600000|  0%| F|  |TAMS 0x000000070f400000| PB 0x000000070f400000| Untracked 
| 114|0x000000070f600000, 0x000000070f600000, 0x000000070f800000|  0%| F|  |TAMS 0x000000070f600000| PB 0x000000070f600000| Untracked 
| 115|0x000000070f800000, 0x000000070f800000, 0x000000070fa00000|  0%| F|  |TAMS 0x000000070f800000| PB 0x000000070f800000| Untracked 
| 116|0x000000070fa00000, 0x000000070fa00000, 0x000000070fc00000|  0%| F|  |TAMS 0x000000070fa00000| PB 0x000000070fa00000| Untracked 
| 117|0x000000070fc00000, 0x000000070fc00000, 0x000000070fe00000|  0%| F|  |TAMS 0x000000070fc00000| PB 0x000000070fc00000| Untracked 
| 118|0x000000070fe00000, 0x000000070fe00000, 0x0000000710000000|  0%| F|  |TAMS 0x000000070fe00000| PB 0x000000070fe00000| Untracked 
| 119|0x0000000710000000, 0x0000000710000000, 0x0000000710200000|  0%| F|  |TAMS 0x0000000710000000| PB 0x0000000710000000| Untracked 
| 120|0x0000000710200000, 0x0000000710200000, 0x0000000710400000|  0%| F|  |TAMS 0x0000000710200000| PB 0x0000000710200000| Untracked 
| 121|0x0000000710400000, 0x0000000710400000, 0x0000000710600000|  0%| F|  |TAMS 0x0000000710400000| PB 0x0000000710400000| Untracked 
| 122|0x0000000710600000, 0x0000000710800000, 0x0000000710800000|100%| E|CS|TAMS 0x0000000710600000| PB 0x0000000710600000| Complete 
| 123|0x0000000710800000, 0x0000000710a00000, 0x0000000710a00000|100%| E|CS|TAMS 0x0000000710800000| PB 0x0000000710800000| Complete 
| 124|0x0000000710a00000, 0x0000000710c00000, 0x0000000710c00000|100%| E|CS|TAMS 0x0000000710a00000| PB 0x0000000710a00000| Complete 
| 125|0x0000000710c00000, 0x0000000710e00000, 0x0000000710e00000|100%| E|CS|TAMS 0x0000000710c00000| PB 0x0000000710c00000| Complete 
| 126|0x0000000710e00000, 0x0000000711000000, 0x0000000711000000|100%| E|CS|TAMS 0x0000000710e00000| PB 0x0000000710e00000| Complete 
| 127|0x0000000711000000, 0x0000000711200000, 0x0000000711200000|100%| E|CS|TAMS 0x0000000711000000| PB 0x0000000711000000| Complete 

Card table byte_map: [0x0000021fe6c90000,0x0000021fe7490000] _byte_map_base: 0x0000021fe3487000

Marking Bits: (CMBitMap*) 0x0000021fccfac820
 Bits: [0x0000021fe7c90000, 0x0000021febc48000)

Polling page: 0x0000021fcd010000

Metaspace:

Usage:
  Non-class:      4.11 MB used.
      Class:    480.52 KB used.
       Both:      4.58 MB used.

Virtual space:
  Non-class space:       64.00 MB reserved,       4.19 MB (  7%) committed,  1 nodes.
      Class space:        1.00 GB reserved,     576.00 KB ( <1%) committed,  1 nodes.
             Both:        1.06 GB reserved,       4.75 MB ( <1%) committed. 

Chunk freelists:
   Non-Class:  2.88 MB
       Class:  3.49 MB
        Both:  6.37 MB

MaxMetaspaceSize: unlimited
CompressedClassSpaceSize: 1.00 GB
Initial GC threshold: 21.00 MB
Current GC threshold: 21.00 MB
CDS: on
MetaspaceReclaimPolicy: balanced
 - commit_granule_bytes: 65536.
 - commit_granule_words: 8192.
 - virtual_space_node_default_size: 8388608.
 - enlarge_chunks_in_place: 1.
 - new_chunks_are_fully_committed: 0.
 - uncommit_free_chunks: 1.
 - use_allocation_guard: 0.


Internal statistics:

num_allocs_failed_limit: 0.
num_arena_births: 126.
num_arena_deaths: 0.
num_vsnodes_births: 2.
num_vsnodes_deaths: 0.
num_space_committed: 76.
num_space_uncommitted: 0.
num_chunks_returned_to_freelist: 0.
num_chunks_taken_from_freelist: 147.
num_chunk_merges: 0.
num_chunk_splits: 91.
num_chunks_enlarged: 40.
num_inconsistent_stats: 0.

CodeHeap 'non-profiled nmethods': size=120000Kb used=208Kb max_used=208Kb free=119791Kb
 bounds [0x0000021fde2d0000, 0x0000021fde540000, 0x0000021fe5800000]
CodeHeap 'profiled nmethods': size=120000Kb used=1121Kb max_used=1121Kb free=118878Kb
 bounds [0x0000021fd6800000, 0x0000021fd6a70000, 0x0000021fddd30000]
CodeHeap 'non-nmethods': size=5760Kb used=1508Kb max_used=1515Kb free=4251Kb
 bounds [0x0000021fddd30000, 0x0000021fddfa0000, 0x0000021fde2d0000]
 total_blobs=1270 nmethods=734 adapters=447
 compilation: enabled
              stopped_count=0, restarted_count=0
 full_count=0

Compilation events (20 events):
Event: 0.335 Thread 0x0000021fee975220  677       3       sun.util.locale.LanguageTag::parseScript (55 bytes)
Event: 0.336 Thread 0x0000021fee975220 nmethod 677 0x0000021fd68fe310 code [0x0000021fd68fe500, 0x0000021fd68feb20]
Event: 0.336 Thread 0x0000021fee975220  678       3       sun.util.locale.LanguageTag::parseRegion (55 bytes)
Event: 0.336 Thread 0x0000021fee975220 nmethod 678 0x0000021fd68fed90 code [0x0000021fd68fef60, 0x0000021fd68ff368]
Event: 0.336 Thread 0x0000021fee975220  685       3       sun.util.locale.LanguageTag::parseExtensions (208 bytes)
Event: 0.336 Thread 0x0000021fee94a260  701       4       java.util.HashMap::put (13 bytes)
Event: 0.337 Thread 0x0000021fee975220 nmethod 685 0x0000021fd68ff510 code [0x0000021fd68ff8c0, 0x0000021fd6900fe8]
Event: 0.337 Thread 0x0000021fee975220  662       3       java.util.Locale::<init> (15 bytes)
Event: 0.337 Thread 0x0000021fee975220 nmethod 662 0x0000021fd6901890 code [0x0000021fd6901a20, 0x0000021fd6901c58]
Event: 0.337 Thread 0x0000021fee975220  680       3       java.util.Locale$Cache::createObject (6 bytes)
Event: 0.337 Thread 0x0000021fee975220 nmethod 680 0x0000021fd6901d10 code [0x0000021fd6901ea0, 0x0000021fd6901fe0]
Event: 0.337 Thread 0x0000021fee975220  683       3       sun.util.locale.LanguageTag::isExtlang (21 bytes)
Event: 0.337 Thread 0x0000021fee975220 nmethod 683 0x0000021fd6902090 code [0x0000021fd69022c0, 0x0000021fd6902d70]
Event: 0.337 Thread 0x0000021fee975220  693       3       sun.util.locale.InternalLocaleBuilder::setExtensions (202 bytes)
Event: 0.339 Thread 0x0000021fee975220 nmethod 693 0x0000021fd6903110 code [0x0000021fd69035e0, 0x0000021fd6905f50]
Event: 0.339 Thread 0x0000021fee975220  694       3       sun.util.locale.LocaleUtils::isEmpty (19 bytes)
Event: 0.339 Thread 0x0000021fee975220 nmethod 694 0x0000021fd6906d90 code [0x0000021fd6906f20, 0x0000021fd6907160]
Event: 0.339 Thread 0x0000021fee975220  695       3       sun.util.locale.InternalLocaleBuilder::getBaseLocale (187 bytes)
Event: 0.339 Thread 0x0000021fee975220 nmethod 695 0x0000021fd6907210 code [0x0000021fd6907500, 0x0000021fd69084a8]
Event: 0.339 Thread 0x0000021fee975220  696       3       sun.util.locale.InternalLocaleBuilder::getLocaleExtensions (65 bytes)

GC Heap History (0 events):
No events

Dll operation events (7 events):
Event: 0.005 Loaded shared library C:\Program Files\Java\jdk-20\bin\java.dll
Event: 0.018 Loaded shared library C:\Program Files\Java\jdk-20\bin\jsvml.dll
Event: 0.047 Loaded shared library C:\Program Files\Java\jdk-20\bin\net.dll
Event: 0.048 Loaded shared library C:\Program Files\Java\jdk-20\bin\nio.dll
Event: 0.063 Loaded shared library C:\Program Files\Java\jdk-20\bin\zip.dll
Event: 0.070 Loaded shared library C:\Program Files\Java\jdk-20\bin\jimage.dll
Event: 0.081 Loaded shared library C:\Program Files\Java\jdk-20\bin\awt.dll

Deoptimization events (4 events):
Event: 0.270 Thread 0x0000021fccf3b770 Uncommon trap: trap_request=0xffffff45 fr.pc=0x0000021fde2e011c relative=0x0000000000000a1c
Event: 0.270 Thread 0x0000021fccf3b770 Uncommon trap: reason=unstable_if action=reinterpret pc=0x0000021fde2e011c method=java.util.HashMap.putVal(ILjava/lang/Object;Ljava/lang/Object;ZZ)Ljava/lang/Object; @ 236 c2
Event: 0.270 Thread 0x0000021fccf3b770 DEOPT PACKING pc=0x0000021fde2e011c sp=0x000000d23c0fda50
Event: 0.270 Thread 0x0000021fccf3b770 DEOPT UNPACKING pc=0x0000021fddd99d22 sp=0x000000d23c0fda08 mode 2

Classes loaded (20 events):
Event: 0.306 Loading class sun/net/www/MimeTable$2
Event: 0.306 Loading class sun/net/www/MimeTable$2 done
Event: 0.306 Loading class sun/net/www/MimeTable$DefaultInstanceHolder
Event: 0.306 Loading class sun/net/www/MimeTable$DefaultInstanceHolder done
Event: 0.306 Loading class sun/net/www/MimeTable$DefaultInstanceHolder$1
Event: 0.306 Loading class sun/net/www/MimeTable$DefaultInstanceHolder$1 done
Event: 0.307 Loading class sun/net/www/MimeEntry
Event: 0.307 Loading class sun/net/www/MimeEntry done
Event: 0.314 Loading class sun/util/calendar/ZoneInfoFile$Checksum
Event: 0.314 Loading class sun/util/calendar/ZoneInfoFile$Checksum done
Event: 0.316 Loading class jdk/internal/module/ModulePatcher$PatchedModuleReader
Event: 0.316 Loading class jdk/internal/module/ModulePatcher$PatchedModuleReader done
Event: 0.316 Loading class sun/net/www/protocol/jrt/Handler
Event: 0.316 Loading class sun/net/www/protocol/jrt/Handler done
Event: 0.335 Loading class sun/text/resources/cldr/FormatData_en
Event: 0.335 Loading class sun/text/resources/cldr/FormatData_en done
Event: 0.335 Loading class sun/text/resources/cldr/FormatData_en_US
Event: 0.335 Loading class sun/text/resources/cldr/FormatData_en_US done
Event: 0.337 Loading class java/lang/invoke/MethodHandle$1
Event: 0.338 Loading class java/lang/invoke/MethodHandle$1 done

Classes unloaded (0 events):
No events

Classes redefined (0 events):
No events

Internal exceptions (12 events):
Event: 0.048 Thread 0x0000021fccf3b770 Exception <a 'sun/nio/fs/WindowsException'{0x000000071119b2d0}> (0x000000071119b2d0) 
thrown [s\open\src\hotspot\share\prims\jni.cpp, line 519]
Event: 0.050 Thread 0x0000021fccf3b770 Exception <a 'sun/nio/fs/WindowsException'{0x000000071119da20}> (0x000000071119da20) 
thrown [s\open\src\hotspot\share\prims\jni.cpp, line 519]
Event: 0.050 Thread 0x0000021fccf3b770 Exception <a 'sun/nio/fs/WindowsException'{0x000000071119e5c0}> (0x000000071119e5c0) 
thrown [s\open\src\hotspot\share\prims\jni.cpp, line 519]
Event: 0.074 Thread 0x0000021fccf3b770 Exception <a 'java/lang/ClassNotFoundException'{0x0000000710f0dd50}: sun/awt/resources/spi/awtProvider> (0x0000000710f0dd50) 
thrown [s\open\src\hotspot\share\classfile\systemDictionary.cpp, line 305]
Event: 0.087 Thread 0x0000021fccf3b770 Exception <a 'java/io/FileNotFoundException'{0x0000000710f64468}> (0x0000000710f64468) 
thrown [s\open\src\hotspot\share\prims\jni.cpp, line 519]
Event: 0.091 Thread 0x0000021fccf3b770 Exception <a 'java/io/FileNotFoundException'{0x0000000710f8e6b0}> (0x0000000710f8e6b0) 
thrown [s\open\src\hotspot\share\prims\jni.cpp, line 519]
Event: 0.272 Thread 0x0000021fccf3b770 Exception <a 'java/lang/NoSuchMethodError'{0x0000000710c45db0}: 'void java.lang.invoke.DirectMethodHandle$Holder.invokeSpecial(java.lang.Object, java.lang.Object, java.lang.Object)'> (0x0000000710c45db0) 
thrown [s\open\src\hotspot\share\interpreter\linkResolver.cpp, line 773]
Event: 0.277 Thread 0x0000021fccf3b770 Exception <a 'java/lang/NoSuchMethodError'{0x0000000710c70520}: 'java.lang.Object java.lang.invoke.DirectMethodHandle$Holder.newInvokeSpecial(java.lang.Object, java.lang.Object, java.lang.Object, java.lang.Object, java.lang.Object)'> (0x0000000710c70520) 
thrown [s\open\src\hotspot\share\interpreter\linkResolver.cpp, line 773]
Event: 0.281 Thread 0x0000021fccf3b770 Exception <a 'java/lang/NoSuchMethodError'{0x0000000710d11a58}: 'java.lang.Object java.lang.invoke.DirectMethodHandle$Holder.invokeStatic(java.lang.Object, int, java.lang.Object)'> (0x0000000710d11a58) 
thrown [s\open\src\hotspot\share\interpreter\linkResolver.cpp, line 773]
Event: 0.295 Thread 0x0000021fccf3b770 Exception <a 'java/lang/ClassNotFoundException'{0x0000000710dcc990}: com/sun/swing/internal/plaf/metal/resources/spi/metalProvider> (0x0000000710dcc990) 
thrown [s\open\src\hotspot\share\classfile\systemDictionary.cpp, line 305]
Event: 0.295 Thread 0x0000021fccf3b770 Exception <a 'java/lang/ClassNotFoundException'{0x0000000710dd08f0}: com/sun/swing/internal/plaf/basic/resources/spi/basicProvider> (0x0000000710dd08f0) 
thrown [s\open\src\hotspot\share\classfile\systemDictionary.cpp, line 305]
Event: 0.301 Thread 0x0000021fccf3b770 Exception <a 'java/lang/NoSuchMethodError'{0x0000000710defac0}: 'int java.lang.invoke.Invokers$Holder.invokeExact_MT(java.lang.Object, java.lang.Object)'> (0x0000000710defac0) 
thrown [s\open\src\hotspot\share\interpreter\linkResolver.cpp, line 773]

VM Operations (6 events):
Event: 0.051 Executing VM operation: HandshakeAllThreads
Event: 0.051 Executing VM operation: HandshakeAllThreads done
Event: 0.096 Executing VM operation: HandshakeAllThreads
Event: 0.097 Executing VM operation: HandshakeAllThreads done
Event: 0.333 Executing VM operation: HandshakeAllThreads
Event: 0.333 Executing VM operation: HandshakeAllThreads done

Events (18 events):
Event: 0.018 Thread 0x0000021fccf3b770 Thread added: 0x0000021fccf3b770
Event: 0.025 Thread 0x0000021fee93b230 Thread added: 0x0000021fee93b230
Event: 0.025 Thread 0x0000021fee93c640 Thread added: 0x0000021fee93c640
Event: 0.026 Thread 0x0000021fee93d850 Thread added: 0x0000021fee93d850
Event: 0.026 Thread 0x0000021fee942a50 Thread added: 0x0000021fee942a50
Event: 0.026 Thread 0x0000021fee9453a0 Thread added: 0x0000021fee9453a0
Event: 0.026 Thread 0x0000021fee945ce0 Thread added: 0x0000021fee945ce0
Event: 0.026 Thread 0x0000021fee94a260 Thread added: 0x0000021fee94a260
Event: 0.026 Thread 0x0000021fee975220 Thread added: 0x0000021fee975220
Event: 0.039 Thread 0x0000021ff2d068a0 Thread added: 0x0000021ff2d068a0
Event: 0.058 Thread 0x0000021ff2dd5f40 Thread added: 0x0000021ff2dd5f40
Event: 0.061 Thread 0x0000021ff2e1c7e0 Thread added: 0x0000021ff2e1c7e0
Event: 0.117 Thread 0x0000021ff2f81390 Thread added: 0x0000021ff2f81390
Event: 0.117 Thread 0x0000021ff2fc2df0 Thread added: 0x0000021ff2fc2df0
Event: 0.118 Thread 0x0000021ff2fc7260 Thread added: 0x0000021ff2fc7260
Event: 0.244 Thread 0x0000021ff2e1c7e0 Thread exited: 0x0000021ff2e1c7e0
Event: 0.305 Thread 0x0000021ff36a5860 Thread added: 0x0000021ff36a5860
Event: 0.323 Thread 0x0000021ff352b110 Thread added: 0x0000021ff352b110


Dynamic libraries:
0x00007ff7f6130000 - 0x00007ff7f6140000 	C:\Program Files\Java\jdk-20\bin\java.exe
0x00007ffe53710000 - 0x00007ffe53908000 	C:\Windows\SYSTEM32\ntdll.dll
0x00007ffe51ec0000 - 0x00007ffe51f7d000 	C:\Windows\System32\KERNEL32.DLL
0x00007ffe51090000 - 0x00007ffe51386000 	C:\Windows\System32\KERNELBASE.dll
0x00007ffe50f20000 - 0x00007ffe51020000 	C:\Windows\System32\ucrtbase.dll
0x00007ffe1d010000 - 0x00007ffe1d029000 	C:\Program Files\Java\jdk-20\bin\jli.dll
0x00007ffe49ad0000 - 0x00007ffe49aeb000 	C:\Program Files\Java\jdk-20\bin\VCRUNTIME140.dll
0x00007ffe534e0000 - 0x00007ffe5358f000 	C:\Windows\System32\ADVAPI32.dll
0x00007ffe52420000 - 0x00007ffe524be000 	C:\Windows\System32\msvcrt.dll
0x00007ffe524c0000 - 0x00007ffe5255c000 	C:\Windows\System32\sechost.dll
0x00007ffe53590000 - 0x00007ffe536b6000 	C:\Windows\System32\RPCRT4.dll
0x00007ffe527c0000 - 0x00007ffe5295e000 	C:\Windows\System32\USER32.dll
0x00007ffe51430000 - 0x00007ffe51452000 	C:\Windows\System32\win32u.dll
0x00007ffe45360000 - 0x00007ffe455fa000 	C:\Windows\WinSxS\amd64_microsoft.windows.common-controls_6595b64144ccf1df_6.0.19041.3636_none_60b6a03d71f818d5\COMCTL32.dll
0x00007ffe53380000 - 0x00007ffe533ac000 	C:\Windows\System32\GDI32.dll
0x00007ffe514f0000 - 0x00007ffe5160a000 	C:\Windows\System32\gdi32full.dll
0x00007ffe51390000 - 0x00007ffe5142d000 	C:\Windows\System32\msvcp_win.dll
0x00007ffe474b0000 - 0x00007ffe474ba000 	C:\Windows\SYSTEM32\VERSION.dll
0x00007ffe526a0000 - 0x00007ffe526d0000 	C:\Windows\System32\IMM32.DLL
0x00007ffe4ba80000 - 0x00007ffe4ba8c000 	C:\Program Files\Java\jdk-20\bin\vcruntime140_1.dll
0x00007ffe110b0000 - 0x00007ffe1113e000 	C:\Program Files\Java\jdk-20\bin\msvcp140.dll
0x00007ffdf46a0000 - 0x00007ffdf5338000 	C:\Program Files\Java\jdk-20\bin\server\jvm.dll
0x00007ffe4c300000 - 0x00007ffe4c309000 	C:\Windows\SYSTEM32\WSOCK32.dll
0x00007ffe3fa90000 - 0x00007ffe3fab7000 	C:\Windows\SYSTEM32\WINMM.dll
0x00007ffe529c0000 - 0x00007ffe52a2b000 	C:\Windows\System32\WS2_32.dll
0x00007ffe4ed40000 - 0x00007ffe4ed52000 	C:\Windows\SYSTEM32\kernel.appcore.dll
0x00007ffe49b20000 - 0x00007ffe49b2a000 	C:\Program Files\Java\jdk-20\bin\jimage.dll
0x00007ffe4eae0000 - 0x00007ffe4ecc4000 	C:\Windows\SYSTEM32\DBGHELP.DLL
0x00007ffe40a60000 - 0x00007ffe40a94000 	C:\Windows\SYSTEM32\dbgcore.DLL
0x00007ffe51460000 - 0x00007ffe514e2000 	C:\Windows\System32\bcryptPrimitives.dll
0x00007ffe30300000 - 0x00007ffe30326000 	C:\Program Files\Java\jdk-20\bin\java.dll
0x00007ffe1ce70000 - 0x00007ffe1cf47000 	C:\Program Files\Java\jdk-20\bin\jsvml.dll
0x00007ffe51770000 - 0x00007ffe51eb4000 	C:\Windows\System32\SHELL32.dll
0x00007ffe4eeb0000 - 0x00007ffe4f64b000 	C:\Windows\SYSTEM32\windows.storage.dll
0x00007ffe520a0000 - 0x00007ffe523f4000 	C:\Windows\System32\combase.dll
0x00007ffe50830000 - 0x00007ffe5085d000 	C:\Windows\SYSTEM32\Wldp.dll
0x00007ffe532d0000 - 0x00007ffe5337d000 	C:\Windows\System32\SHCORE.dll
0x00007ffe526d0000 - 0x00007ffe52725000 	C:\Windows\System32\shlwapi.dll
0x00007ffe50d20000 - 0x00007ffe50d45000 	C:\Windows\SYSTEM32\profapi.dll
0x00007ffe47f70000 - 0x00007ffe47f83000 	C:\Program Files\Java\jdk-20\bin\net.dll
0x00007ffe49d00000 - 0x00007ffe49e0a000 	C:\Windows\SYSTEM32\WINHTTP.dll
0x00007ffe50590000 - 0x00007ffe505fa000 	C:\Windows\system32\mswsock.dll
0x00007ffe318c0000 - 0x00007ffe318d6000 	C:\Program Files\Java\jdk-20\bin\nio.dll
0x00007ffe302e0000 - 0x00007ffe302f8000 	C:\Program Files\Java\jdk-20\bin\zip.dll
0x00007ffdf76d0000 - 0x00007ffdf7861000 	C:\Program Files\Java\jdk-20\bin\awt.dll
0x00007ffe52a30000 - 0x00007ffe52afd000 	C:\Windows\System32\OLEAUT32.dll
0x00007ffe4d750000 - 0x00007ffe4d7e0000 	C:\Windows\SYSTEM32\apphelp.dll
0x00007ffe4e6e0000 - 0x00007ffe4e70f000 	C:\Windows\system32\DWMAPI.DLL
0x00007ffe4d890000 - 0x00007ffe4d92e000 	C:\Windows\system32\uxtheme.dll
0x00007ffe33910000 - 0x00007ffe33a35000 	C:\Windows\system32\opengl32.dll
0x00007ffe4d430000 - 0x00007ffe4d45c000 	C:\Windows\SYSTEM32\GLU32.dll
0x00007ffe51f80000 - 0x00007ffe52094000 	C:\Windows\System32\MSCTF.dll
0x00007ffe533b0000 - 0x00007ffe534db000 	C:\Windows\System32\ole32.dll
0x00007ffe0cbb0000 - 0x00007ffe0cd7d000 	C:\Windows\system32\d3d9.dll
0x00007ffe474c0000 - 0x00007ffe4757c000 	C:\Windows\System32\DriverStore\FileRepository\nv_dispi.inf_amd64_31dab972145ae5a9\nvldumdx.dll
0x00007ffe509c0000 - 0x00007ffe509d2000 	C:\Windows\SYSTEM32\msasn1.dll
0x00007ffe47460000 - 0x00007ffe47491000 	C:\Windows\SYSTEM32\cryptnet.dll
0x00007ffe51610000 - 0x00007ffe5176d000 	C:\Windows\System32\CRYPT32.dll
0x00007ffe47dd0000 - 0x00007ffe47f18000 	C:\Windows\SYSTEM32\drvstore.dll
0x00007ffe50b80000 - 0x00007ffe50bb3000 	C:\Windows\SYSTEM32\devobj.dll
0x00007ffe50df0000 - 0x00007ffe50e3e000 	C:\Windows\System32\cfgmgr32.dll
0x00007ffe50780000 - 0x00007ffe5078c000 	C:\Windows\SYSTEM32\cryptbase.dll
0x00007ffe51020000 - 0x00007ffe51087000 	C:\Windows\System32\wintrust.dll
0x00007ffe52400000 - 0x00007ffe5241d000 	C:\Windows\System32\imagehlp.dll
0x00007ffe50790000 - 0x00007ffe507a8000 	C:\Windows\SYSTEM32\CRYPTSP.dll
0x00007ffe4fe50000 - 0x00007ffe4fe84000 	C:\Windows\system32\rsaenh.dll
0x00007ffe50e40000 - 0x00007ffe50e67000 	C:\Windows\System32\bcrypt.dll
0x00007ffe42540000 - 0x00007ffe4472e000 	C:\Windows\System32\DriverStore\FileRepository\nv_dispi.inf_amd64_31dab972145ae5a9\nvgpucomp64.dll
0x00007ffd3f430000 - 0x00007ffd41df5000 	C:\Windows\System32\DriverStore\FileRepository\nv_dispi.inf_amd64_31dab972145ae5a9\nvd3dumx.dll
0x00007ffe4c410000 - 0x00007ffe4c43e000 	C:\Program Files\Java\jdk-20\bin\javajpeg.dll

dbghelp: loaded successfully - version: 4.0.5 - missing functions: none
symbol engine: initialized successfully - sym options: 0x614 - pdb path: .;C:\Program Files\Java\jdk-20\bin;C:\Windows\SYSTEM32;C:\Windows\WinSxS\amd64_microsoft.windows.common-controls_6595b64144ccf1df_6.0.19041.3636_none_60b6a03d71f818d5;C:\Program Files\Java\jdk-20\bin\server;C:\Windows\System32\DriverStore\FileRepository\nv_dispi.inf_amd64_31dab972145ae5a9

VM Arguments:
jvm_args: -Dfile.encoding=UTF-8 --module-path=C:\Users\mahar\OneDrive\Documents\NetBeansProjects\Electricity Billing System\build\classes 
java_command: electricity.billing.system.Project
java_class_path (initial): C:\Users\mahar\Downloads;C:\Users\mahar\Downloads\mysql-connector-java-8.0.28.jar;C:\Users\mahar\OneDrive\Documents\NetBeansProjects\Electricity Billing System\build\classes
Launcher Type: SUN_STANDARD

[Global flags]
     intx CICompilerCount                          = 4                                         {product} {ergonomic}
     uint ConcGCThreads                            = 3                                         {product} {ergonomic}
     uint G1ConcRefinementThreads                  = 10                                        {product} {ergonomic}
   size_t G1HeapRegionSize                         = 2097152                                   {product} {ergonomic}
    uintx GCDrainStackTargetSize                   = 64                                        {product} {ergonomic}
   size_t InitialHeapSize                          = 268435456                                 {product} {ergonomic}
   size_t MarkStackSize                            = 4194304                                   {product} {ergonomic}
   size_t MaxHeapSize                              = 4276092928                                {product} {ergonomic}
   size_t MaxNewSize                               = 2564816896                                {product} {ergonomic}
   size_t MinHeapDeltaBytes                        = 2097152                                   {product} {ergonomic}
   size_t MinHeapSize                              = 8388608                                   {product} {ergonomic}
    uintx NonNMethodCodeHeapSize                   = 5839372                                {pd product} {ergonomic}
    uintx NonProfiledCodeHeapSize                  = 122909434                              {pd product} {ergonomic}
    uintx ProfiledCodeHeapSize                     = 122909434                              {pd product} {ergonomic}
    uintx ReservedCodeCacheSize                    = 251658240                              {pd product} {ergonomic}
     bool SegmentedCodeCache                       = true                                      {product} {ergonomic}
   size_t SoftMaxHeapSize                          = 4276092928                             {manageable} {ergonomic}
     bool UseCompressedClassPointers               = true                           {product lp64_product} {ergonomic}
     bool UseCompressedOops                        = true                           {product lp64_product} {ergonomic}
     bool UseG1GC                                  = true                                      {product} {ergonomic}
     bool UseLargePagesIndividualAllocation        = false                                  {pd product} {ergonomic}

Logging:
Log output configuration:
 #0: stdout all=warning uptime,level,tags foldmultilines=false
 #1: stderr all=off uptime,level,tags foldmultilines=false

Environment Variables:
JAVA_HOME=C:\Program Files\Java\jdk-20
PATH=C:\Program Files\Python312\Scripts\;C:\Program Files\Python312\;C:\Program Files\Common Files\Oracle\Java\javapath;C:\Program Files\Java\jdk-20\bin;C:\Program Files\NVIDIA Corporation\NVIDIA NvDLISR;C:\Program Files\Git\cmd;C:\ProgramData\Microsoft\Windows\Start Menu\Programs\MySQL;C:\Program Files\MySQL\MySQL Shell 8.0\bin\;C:\Users\mahar\anaconda3;C:\Users\mahar\anaconda3\Library\mingw-w64\bin;C:\Users\mahar\anaconda3\Library\usr\bin;C:\Users\mahar\anaconda3\Library\bin;C:\Users\mahar\anaconda3\Scripts;C:\Users\mahar\AppData\Local\Programs\Python\Python310\Scripts\;C:\Users\mahar\AppData\Local\Programs\Python\Python310\;C:\Users\mahar\AppData\Local\Microsoft\WindowsApps;C:\MinGW\bin;C:\Users\mahar\AppData\Local\Programs\Microsoft VS Code\bin;C:\src\flutter\bin;C:\Users\mahar\AppData\Roaming\npm;C:\Users\mahar\AppData\Local\GitHubDesktop\bin;C:\ProgramData\Microsoft\Windows\Start Menu\Programs\MySQL;
USERNAME=mahar
OS=Windows_NT
PROCESSOR_IDENTIFIER=AMD64 Family 23 Model 113 Stepping 0, AuthenticAMD
TMP=C:\Users\mahar\AppData\Local\Temp
TEMP=C:\Users\mahar\AppData\Local\Temp




---------------  S Y S T E M  ---------------

OS:
 Windows 10 , 64 bit Build 19041 (10.0.19041.3636)
OS uptime: 0 days 14:30 hours

CPU: total 12 (initial active 12) (12 cores per cpu, 2 threads per core) family 23 model 113 stepping 0 microcode 0x0, cx8, cmov, fxsr, ht, mmx, 3dnowpref, sse, sse2, sse3, ssse3, sse4a, sse4.1, sse4.2, popcnt, lzcnt, tsc, tscinvbit, avx, avx2, aes, clmul, bmi1, bmi2, adx, sha, fma, vzeroupper, clflush, clflushopt, rdtscp, rdpid, f16c

Memory: 4k page, system-wide physical 16310M (1746M free)
TotalPageFile size 65462M (AvailPageFile size 4M)
current process WorkingSet (physical memory assigned to process): 77M, peak: 77M
current process commit charge ("private bytes"): 364M, peak: 364M

vm_info: Java HotSpot(TM) 64-Bit Server VM (20.0.2+9-78) for windows-amd64 JRE (20.0.2+9-78), built on 2023-06-14T10:08:48Z by "mach5one" with MS VC++ 17.1 (VS2022)

END.
